2024-11-24 13:34:34 [scrapy.utils.log] INFO: Scrapy 2.12.0 started (bot: scrapy16)
2024-11-24 13:34:34 [scrapy.utils.log] INFO: Versions: lxml 5.3.0.0, libxml2 2.12.9, cssselect 1.2.0, parsel 1.9.1, w3lib 2.2.1, Twisted 24.10.0, Python 3.12.3 (main, Nov  6 2024, 18:32:19) [GCC 13.2.0], pyOpenSSL 24.2.1 (OpenSSL 3.3.2 3 Sep 2024), cryptography 43.0.3, Platform Linux-6.8.0-48-generic-x86_64-with-glibc2.39
2024-11-24 13:34:34 [scrapy.addons] INFO: Enabled addons:
[]
2024-11-24 13:34:34 [scrapy.extensions.telnet] INFO: Telnet Password: 817d7985e42454bf
2024-11-24 13:34:34 [scrapy.middleware] INFO: Enabled extensions:
['scrapy.extensions.corestats.CoreStats',
 'scrapy.extensions.telnet.TelnetConsole',
 'scrapy.extensions.memusage.MemoryUsage',
 'scrapy.extensions.logstats.LogStats']
2024-11-24 13:34:34 [scrapy.crawler] INFO: Overridden settings:
{'BOT_NAME': 'scrapy16',
 'FEED_EXPORT_ENCODING': 'utf-8',
 'LOG_FILE': 'scrapy.log',
 'LOG_LEVEL': 'INFO',
 'NEWSPIDER_MODULE': 'scrapy16.spiders',
 'ROBOTSTXT_OBEY': True,
 'SPIDER_MODULES': ['scrapy16.spiders'],
 'TWISTED_REACTOR': 'twisted.internet.asyncioreactor.AsyncioSelectorReactor'}
2024-11-24 13:34:35 [scrapy.middleware] INFO: Enabled downloader middlewares:
['scrapy.downloadermiddlewares.offsite.OffsiteMiddleware',
 'scrapy.downloadermiddlewares.robotstxt.RobotsTxtMiddleware',
 'scrapy.downloadermiddlewares.httpauth.HttpAuthMiddleware',
 'scrapy.downloadermiddlewares.downloadtimeout.DownloadTimeoutMiddleware',
 'scrapy.downloadermiddlewares.defaultheaders.DefaultHeadersMiddleware',
 'scrapy.downloadermiddlewares.useragent.UserAgentMiddleware',
 'scrapy.downloadermiddlewares.retry.RetryMiddleware',
 'scrapy.downloadermiddlewares.redirect.MetaRefreshMiddleware',
 'scrapy.downloadermiddlewares.httpcompression.HttpCompressionMiddleware',
 'scrapy.downloadermiddlewares.redirect.RedirectMiddleware',
 'scrapy.downloadermiddlewares.cookies.CookiesMiddleware',
 'scrapy.downloadermiddlewares.httpproxy.HttpProxyMiddleware',
 'scrapy.downloadermiddlewares.stats.DownloaderStats']
2024-11-24 13:34:35 [scrapy.middleware] INFO: Enabled spider middlewares:
['scrapy.spidermiddlewares.httperror.HttpErrorMiddleware',
 'scrapy.spidermiddlewares.referer.RefererMiddleware',
 'scrapy.spidermiddlewares.urllength.UrlLengthMiddleware',
 'scrapy.spidermiddlewares.depth.DepthMiddleware']
2024-11-24 13:34:35 [scrapy.middleware] INFO: Enabled item pipelines:
[]
2024-11-24 13:34:35 [scrapy.core.engine] INFO: Spider opened
2024-11-24 13:34:35 [scrapy.extensions.logstats] INFO: Crawled 0 pages (at 0 pages/min), scraped 0 items (at 0 items/min)
2024-11-24 13:34:35 [scrapy.extensions.telnet] INFO: Telnet console listening on 127.0.0.1:6023
2024-11-24 13:34:36 [scrapy.core.engine] INFO: Closing spider (finished)
2024-11-24 13:34:36 [scrapy.statscollectors] INFO: Dumping Scrapy stats:
{'downloader/exception_count': 1,
 'downloader/exception_type_count/scrapy.exceptions.IgnoreRequest': 1,
 'downloader/request_bytes': 224,
 'downloader/request_count': 1,
 'downloader/request_method_count/GET': 1,
 'downloader/response_bytes': 697,
 'downloader/response_count': 1,
 'downloader/response_status_count/200': 1,
 'elapsed_time_seconds': 1.329874,
 'finish_reason': 'finished',
 'finish_time': datetime.datetime(2024, 11, 24, 18, 34, 36, 385458, tzinfo=datetime.timezone.utc),
 'httpcompression/response_bytes': 2814,
 'httpcompression/response_count': 1,
 'items_per_minute': None,
 'log_count/INFO': 10,
 'memusage/max': 66105344,
 'memusage/startup': 66105344,
 'response_received_count': 1,
 'responses_per_minute': None,
 'robotstxt/forbidden': 1,
 'robotstxt/request_count': 1,
 'robotstxt/response_count': 1,
 'robotstxt/response_status_count/200': 1,
 'scheduler/dequeued': 1,
 'scheduler/dequeued/memory': 1,
 'scheduler/enqueued': 1,
 'scheduler/enqueued/memory': 1,
 'start_time': datetime.datetime(2024, 11, 24, 18, 34, 35, 55584, tzinfo=datetime.timezone.utc)}
2024-11-24 13:34:36 [scrapy.core.engine] INFO: Spider closed (finished)
2024-11-24 13:42:57 [scrapy.utils.log] INFO: Scrapy 2.12.0 started (bot: scrapy16)
2024-11-24 13:42:57 [scrapy.utils.log] INFO: Versions: lxml 5.3.0.0, libxml2 2.12.9, cssselect 1.2.0, parsel 1.9.1, w3lib 2.2.1, Twisted 24.10.0, Python 3.12.3 (main, Nov  6 2024, 18:32:19) [GCC 13.2.0], pyOpenSSL 24.2.1 (OpenSSL 3.3.2 3 Sep 2024), cryptography 43.0.3, Platform Linux-6.8.0-48-generic-x86_64-with-glibc2.39
2024-11-24 13:42:57 [scrapy.addons] INFO: Enabled addons:
[]
2024-11-24 13:42:57 [scrapy.extensions.telnet] INFO: Telnet Password: d0a92782599d1910
2024-11-24 13:42:57 [scrapy.middleware] INFO: Enabled extensions:
['scrapy.extensions.corestats.CoreStats',
 'scrapy.extensions.telnet.TelnetConsole',
 'scrapy.extensions.memusage.MemoryUsage',
 'scrapy.extensions.logstats.LogStats']
2024-11-24 13:42:57 [scrapy.crawler] INFO: Overridden settings:
{'BOT_NAME': 'scrapy16',
 'FEED_EXPORT_ENCODING': 'utf-8',
 'LOG_FILE': 'scrapy.log',
 'LOG_LEVEL': 'INFO',
 'NEWSPIDER_MODULE': 'scrapy16.spiders',
 'SPIDER_MODULES': ['scrapy16.spiders'],
 'TWISTED_REACTOR': 'twisted.internet.asyncioreactor.AsyncioSelectorReactor'}
2024-11-24 13:42:57 [scrapy.middleware] INFO: Enabled downloader middlewares:
['scrapy.downloadermiddlewares.offsite.OffsiteMiddleware',
 'scrapy.downloadermiddlewares.httpauth.HttpAuthMiddleware',
 'scrapy.downloadermiddlewares.downloadtimeout.DownloadTimeoutMiddleware',
 'scrapy.downloadermiddlewares.defaultheaders.DefaultHeadersMiddleware',
 'scrapy.downloadermiddlewares.useragent.UserAgentMiddleware',
 'scrapy.downloadermiddlewares.retry.RetryMiddleware',
 'scrapy.downloadermiddlewares.redirect.MetaRefreshMiddleware',
 'scrapy.downloadermiddlewares.httpcompression.HttpCompressionMiddleware',
 'scrapy.downloadermiddlewares.redirect.RedirectMiddleware',
 'scrapy.downloadermiddlewares.cookies.CookiesMiddleware',
 'scrapy.downloadermiddlewares.httpproxy.HttpProxyMiddleware',
 'scrapy.downloadermiddlewares.stats.DownloaderStats']
2024-11-24 13:42:57 [scrapy.middleware] INFO: Enabled spider middlewares:
['scrapy.spidermiddlewares.httperror.HttpErrorMiddleware',
 'scrapy.spidermiddlewares.referer.RefererMiddleware',
 'scrapy.spidermiddlewares.urllength.UrlLengthMiddleware',
 'scrapy.spidermiddlewares.depth.DepthMiddleware']
2024-11-24 13:42:57 [scrapy.middleware] INFO: Enabled item pipelines:
[]
2024-11-24 13:42:57 [scrapy.core.engine] INFO: Spider opened
2024-11-24 13:42:57 [scrapy.extensions.logstats] INFO: Crawled 0 pages (at 0 pages/min), scraped 0 items (at 0 items/min)
2024-11-24 13:42:57 [scrapy.extensions.telnet] INFO: Telnet console listening on 127.0.0.1:6023
2024-11-24 13:42:58 [scrapy.core.engine] INFO: Closing spider (finished)
2024-11-24 13:42:58 [scrapy.statscollectors] INFO: Dumping Scrapy stats:
{'downloader/request_bytes': 214,
 'downloader/request_count': 1,
 'downloader/request_method_count/GET': 1,
 'downloader/response_bytes': 1511,
 'downloader/response_count': 1,
 'downloader/response_status_count/200': 1,
 'elapsed_time_seconds': 1.180262,
 'finish_reason': 'finished',
 'finish_time': datetime.datetime(2024, 11, 24, 18, 42, 58, 545355, tzinfo=datetime.timezone.utc),
 'httpcompression/response_bytes': 2443,
 'httpcompression/response_count': 1,
 'items_per_minute': None,
 'log_count/INFO': 10,
 'memusage/max': 66146304,
 'memusage/startup': 66146304,
 'response_received_count': 1,
 'responses_per_minute': None,
 'scheduler/dequeued': 1,
 'scheduler/dequeued/memory': 1,
 'scheduler/enqueued': 1,
 'scheduler/enqueued/memory': 1,
 'start_time': datetime.datetime(2024, 11, 24, 18, 42, 57, 365093, tzinfo=datetime.timezone.utc)}
2024-11-24 13:42:58 [scrapy.core.engine] INFO: Spider closed (finished)
